<?xml version="1.0" encoding="UTF-8"?>
<testng-results ignored="0" total="2" passed="2" failed="0" skipped="0">
  <reporter-output>
  </reporter-output>
  <suite started-at="2024-05-01T22:37:59 IST" name="Suite" finished-at="2024-05-01T22:38:12 IST" duration-ms="12916">
    <groups>
      <group name="regression">
        <method signature="TC_002_LoginTest.verify_Login()[pri:0, instance:TestCases.TC_002_LoginTest@bcef303]" name="verify_Login" class="TestCases.TC_002_LoginTest"/>
      </group> <!-- regression -->
      <group name="sanity">
        <method signature="TC_001_AccountRegistrationTest.verify_account_registration()[pri:0, instance:TestCases.TC_001_AccountRegistrationTest@30af5b6b]" name="verify_account_registration" class="TestCases.TC_001_AccountRegistrationTest"/>
      </group> <!-- sanity -->
      <group name="master">
        <method signature="TC_001_AccountRegistrationTest.verify_account_registration()[pri:0, instance:TestCases.TC_001_AccountRegistrationTest@30af5b6b]" name="verify_account_registration" class="TestCases.TC_001_AccountRegistrationTest"/>
        <method signature="TC_002_LoginTest.verify_Login()[pri:0, instance:TestCases.TC_002_LoginTest@bcef303]" name="verify_Login" class="TestCases.TC_002_LoginTest"/>
      </group> <!-- master -->
    </groups>
    <test started-at="2024-05-01T22:37:59 IST" name="chrometest" finished-at="2024-05-01T22:38:12 IST" duration-ms="12916">
      <class name="TestCases.TC_001_AccountRegistrationTest">
        <test-method is-config="true" signature="setup(java.lang.String,java.lang.String)[pri:0, instance:TestCases.TC_001_AccountRegistrationTest@30af5b6b]" started-at="2024-05-01T22:37:59 IST" name="setup" finished-at="2024-05-01T22:38:02 IST" duration-ms="3348" status="PASS">
          <params>
            <param index="0">
              <value>
                <![CDATA[chrome]]>
              </value>
            </param>
            <param index="1">
              <value>
                <![CDATA[windows]]>
              </value>
            </param>
          </params>
          <reporter-output>
          </reporter-output>
        </test-method> <!-- setup -->
        <test-method signature="verify_account_registration()[pri:0, instance:TestCases.TC_001_AccountRegistrationTest@30af5b6b]" started-at="2024-05-01T22:38:02 IST" name="verify_account_registration" finished-at="2024-05-01T22:38:07 IST" duration-ms="4650" status="PASS">
          <reporter-output>
          </reporter-output>
        </test-method> <!-- verify_account_registration -->
        <test-method is-config="true" signature="tearDown()[pri:0, instance:TestCases.TC_001_AccountRegistrationTest@30af5b6b]" started-at="2024-05-01T22:38:07 IST" name="tearDown" finished-at="2024-05-01T22:38:07 IST" duration-ms="172" status="PASS">
          <reporter-output>
          </reporter-output>
        </test-method> <!-- tearDown -->
      </class> <!-- TestCases.TC_001_AccountRegistrationTest -->
      <class name="TestCases.TC_002_LoginTest">
        <test-method is-config="true" signature="setup(java.lang.String,java.lang.String)[pri:0, instance:TestCases.TC_002_LoginTest@bcef303]" started-at="2024-05-01T22:38:07 IST" name="setup" finished-at="2024-05-01T22:38:10 IST" duration-ms="2439" status="PASS">
          <params>
            <param index="0">
              <value>
                <![CDATA[chrome]]>
              </value>
            </param>
            <param index="1">
              <value>
                <![CDATA[windows]]>
              </value>
            </param>
          </params>
          <reporter-output>
          </reporter-output>
        </test-method> <!-- setup -->
        <test-method signature="verify_Login()[pri:0, instance:TestCases.TC_002_LoginTest@bcef303]" started-at="2024-05-01T22:38:10 IST" name="verify_Login" finished-at="2024-05-01T22:38:12 IST" duration-ms="2145" status="PASS">
          <reporter-output>
          </reporter-output>
        </test-method> <!-- verify_Login -->
        <test-method is-config="true" signature="tearDown()[pri:0, instance:TestCases.TC_002_LoginTest@bcef303]" started-at="2024-05-01T22:38:12 IST" name="tearDown" finished-at="2024-05-01T22:38:12 IST" duration-ms="87" status="PASS">
          <reporter-output>
          </reporter-output>
        </test-method> <!-- tearDown -->
      </class> <!-- TestCases.TC_002_LoginTest -->
    </test> <!-- chrometest -->
  </suite> <!-- Suite -->
</testng-results>
