<?xml version="1.0" encoding="UTF-8"?>
<testng-results ignored="0" total="2" passed="2" failed="0" skipped="0">
  <reporter-output>
  </reporter-output>
  <suite started-at="2024-05-02T13:55:18 IST" name="Suite" finished-at="2024-05-02T13:55:29 IST" duration-ms="11470">
    <groups>
      <group name="regression">
        <method signature="TC_002_LoginTest.verify_Login()[pri:0, instance:TestCases.TC_002_LoginTest@72e5a8e]" name="verify_Login" class="TestCases.TC_002_LoginTest"/>
      </group> <!-- regression -->
      <group name="sanity">
        <method signature="TC_001_AccountRegistrationTest.verify_account_registration()[pri:0, instance:TestCases.TC_001_AccountRegistrationTest@29215f06]" name="verify_account_registration" class="TestCases.TC_001_AccountRegistrationTest"/>
      </group> <!-- sanity -->
      <group name="master">
        <method signature="TC_001_AccountRegistrationTest.verify_account_registration()[pri:0, instance:TestCases.TC_001_AccountRegistrationTest@29215f06]" name="verify_account_registration" class="TestCases.TC_001_AccountRegistrationTest"/>
        <method signature="TC_002_LoginTest.verify_Login()[pri:0, instance:TestCases.TC_002_LoginTest@72e5a8e]" name="verify_Login" class="TestCases.TC_002_LoginTest"/>
      </group> <!-- master -->
    </groups>
    <test started-at="2024-05-02T13:55:18 IST" name="chrometest" finished-at="2024-05-02T13:55:29 IST" duration-ms="11470">
      <class name="TestCases.TC_001_AccountRegistrationTest">
        <test-method is-config="true" signature="setup(java.lang.String,java.lang.String)[pri:0, instance:TestCases.TC_001_AccountRegistrationTest@29215f06]" started-at="2024-05-02T13:55:18 IST" name="setup" finished-at="2024-05-02T13:55:21 IST" duration-ms="2912" status="PASS">
          <params>
            <param index="0">
              <value>
                <![CDATA[chrome]]>
              </value>
            </param>
            <param index="1">
              <value>
                <![CDATA[windows]]>
              </value>
            </param>
          </params>
          <reporter-output>
          </reporter-output>
        </test-method> <!-- setup -->
        <test-method signature="verify_account_registration()[pri:0, instance:TestCases.TC_001_AccountRegistrationTest@29215f06]" started-at="2024-05-02T13:55:21 IST" name="verify_account_registration" finished-at="2024-05-02T13:55:25 IST" duration-ms="4257" status="PASS">
          <reporter-output>
          </reporter-output>
        </test-method> <!-- verify_account_registration -->
        <test-method is-config="true" signature="tearDown()[pri:0, instance:TestCases.TC_001_AccountRegistrationTest@29215f06]" started-at="2024-05-02T13:55:25 IST" name="tearDown" finished-at="2024-05-02T13:55:25 IST" duration-ms="127" status="PASS">
          <reporter-output>
          </reporter-output>
        </test-method> <!-- tearDown -->
      </class> <!-- TestCases.TC_001_AccountRegistrationTest -->
      <class name="TestCases.TC_002_LoginTest">
        <test-method is-config="true" signature="setup(java.lang.String,java.lang.String)[pri:0, instance:TestCases.TC_002_LoginTest@72e5a8e]" started-at="2024-05-02T13:55:25 IST" name="setup" finished-at="2024-05-02T13:55:27 IST" duration-ms="1738" status="PASS">
          <params>
            <param index="0">
              <value>
                <![CDATA[chrome]]>
              </value>
            </param>
            <param index="1">
              <value>
                <![CDATA[windows]]>
              </value>
            </param>
          </params>
          <reporter-output>
          </reporter-output>
        </test-method> <!-- setup -->
        <test-method signature="verify_Login()[pri:0, instance:TestCases.TC_002_LoginTest@72e5a8e]" started-at="2024-05-02T13:55:27 IST" name="verify_Login" finished-at="2024-05-02T13:55:29 IST" duration-ms="2039" status="PASS">
          <reporter-output>
          </reporter-output>
        </test-method> <!-- verify_Login -->
        <test-method is-config="true" signature="tearDown()[pri:0, instance:TestCases.TC_002_LoginTest@72e5a8e]" started-at="2024-05-02T13:55:29 IST" name="tearDown" finished-at="2024-05-02T13:55:29 IST" duration-ms="107" status="PASS">
          <reporter-output>
          </reporter-output>
        </test-method> <!-- tearDown -->
      </class> <!-- TestCases.TC_002_LoginTest -->
    </test> <!-- chrometest -->
  </suite> <!-- Suite -->
</testng-results>
